localize/app/build/outputs/logs/manifest-merger-debug-report.txt
-- Merging decision tree log ---
manifest
ADDED from src\main\AndroidManifest.xml:2:1-104:12
	package
		ADDED from src\main\AndroidManifest.xml:3:5-30
		INJECTED from src\main\AndroidManifest.xml
		INJECTED from src\main\AndroidManifest.xml
	android:versionName
		ADDED from src\main\AndroidManifest.xml:5:5-30
		INJECTED from src\main\AndroidManifest.xml
		INJECTED from src\main\AndroidManifest.xml
	android:versionCode
		ADDED from src\main\AndroidManifest.xml:4:5-28
		INJECTED from src\main\AndroidManifest.xml
		INJECTED from src\main\AndroidManifest.xml
	xmlns:android
		ADDED from src\main\AndroidManifest.xml:2:11-69
uses-sdk
ADDED from src\main\AndroidManifest.xml:7:5-74
MERGED from [com.android.support:support-v4:20.0.0] AndroidManifest.xml:16:5-42
	android:targetSdkVersion
		ADDED from src\main\AndroidManifest.xml:7:42-71
		INJECTED from src\main\AndroidManifest.xml
		INJECTED from src\main\AndroidManifest.xml
	android:minSdkVersion
		ADDED from src\main\AndroidManifest.xml:7:15-41
		INJECTED from src\main\AndroidManifest.xml
		INJECTED from src\main\AndroidManifest.xml
uses-permission#android.permission.ACCESS_FINE_LOCATION
ADDED from src\main\AndroidManifest.xml:9:5-79
	android:name
		ADDED from src\main\AndroidManifest.xml:9:22-76
uses-permission#android.permission.INTERNET
ADDED from src\main\AndroidManifest.xml:10:5-67
	android:name
		ADDED from src\main\AndroidManifest.xml:10:22-64
uses-permission#android.permission.ACCESS_NETWORK_STATE
ADDED from src\main\AndroidManifest.xml:11:5-79
	android:name
		ADDED from src\main\AndroidManifest.xml:11:22-76
uses-permission#android.permission.ACCESS_COARSE_LOCATION
ADDED from src\main\AndroidManifest.xml:12:5-81
	android:name
		ADDED from src\main\AndroidManifest.xml:12:22-78
uses-permission#android.permission.VIBRATE
ADDED from src\main\AndroidManifest.xml:13:5-66
	android:name
		ADDED from src\main\AndroidManifest.xml:13:22-63
uses-permission#android.permission.BLUETOOTH
ADDED from src\main\AndroidManifest.xml:15:2-65
	android:name
		ADDED from src\main\AndroidManifest.xml:15:19-62
uses-permission#android.permission.WAKE_LOCK
ADDED from src\main\AndroidManifest.xml:16:2-65
	android:name
		ADDED from src\main\AndroidManifest.xml:16:19-62
uses-permission#android.permission.RECEIVE_BOOT_COMPLETED
ADDED from src\main\AndroidManifest.xml:17:2-78
	android:name
		ADDED from src\main\AndroidManifest.xml:17:19-75
uses-permission#android.permission.GET_ACCOUNTS
ADDED from src\main\AndroidManifest.xml:18:2-68
	android:name
		ADDED from src\main\AndroidManifest.xml:18:19-65
uses-permission#com.google.android.c2dm.permission.RECEIVE
ADDED from src\main\AndroidManifest.xml:19:2-79
	android:name
		ADDED from src\main\AndroidManifest.xml:19:19-76
permission#br.com.localize.permission.C2D_MESSAGE
ADDED from src\main\AndroidManifest.xml:21:2-106
	android:protectionLevel
		ADDED from src\main\AndroidManifest.xml:21:14-49
	android:name
		ADDED from src\main\AndroidManifest.xml:21:50-103
uses-permission#br.com.localize.permission.C2D_MESSAGE
ADDED from src\main\AndroidManifest.xml:22:2-75
	android:name
		ADDED from src\main\AndroidManifest.xml:22:19-72
supports-screens
ADDED from src\main\AndroidManifest.xml:24:5-30:40
	android:largeScreens
		ADDED from src\main\AndroidManifest.xml:26:9-36
	android:smallScreens
		ADDED from src\main\AndroidManifest.xml:29:9-36
	android:normalScreens
		ADDED from src\main\AndroidManifest.xml:27:9-37
	android:xlargeScreens
		ADDED from src\main\AndroidManifest.xml:30:9-37
	android:resizeable
		ADDED from src\main\AndroidManifest.xml:28:9-34
	android:anyDensity
		ADDED from src\main\AndroidManifest.xml:25:9-34
application
ADDED from src\main\AndroidManifest.xml:32:5-102:19
MERGED from [com.android.support:support-v4:20.0.0] AndroidManifest.xml:17:5-19
	android:label
		ADDED from src\main\AndroidManifest.xml:36:9-41
	android:allowBackup
		ADDED from src\main\AndroidManifest.xml:34:9-35
	android:icon
		ADDED from src\main\AndroidManifest.xml:35:9-45
	android:theme
		ADDED from src\main\AndroidManifest.xml:37:9-44
	android:name
		ADDED from src\main\AndroidManifest.xml:33:9-53
activity#br.com.localize.activity.Inicial
ADDED from src\main\AndroidManifest.xml:39:9-45:57
	android:screenOrientation
		ADDED from src\main\AndroidManifest.xml:44:13-49
	android:label
		ADDED from src\main\AndroidManifest.xml:42:13-45
	android:parentActivityName
		ADDED from src\main\AndroidManifest.xml:43:13-64
	android:windowSoftInputMode
		ADDED from src\main\AndroidManifest.xml:45:13-54
	android:configChanges
		ADDED from src\main\AndroidManifest.xml:41:13-63
	android:name
		ADDED from src\main\AndroidManifest.xml:40:13-45
activity#br.com.localize.activity.DetalheFornecedorActivity
ADDED from src\main\AndroidManifest.xml:47:12-55:20
	android:screenOrientation
		ADDED from src\main\AndroidManifest.xml:52:13-49
	android:label
		ADDED from src\main\AndroidManifest.xml:50:13-45
	android:parentActivityName
		ADDED from src\main\AndroidManifest.xml:51:13-59
	android:windowSoftInputMode
		ADDED from src\main\AndroidManifest.xml:53:13-54
	android:configChanges
		ADDED from src\main\AndroidManifest.xml:49:13-63
	android:name
		ADDED from src\main\AndroidManifest.xml:48:13-63
activity#br.com.localize.activity.MainActivity
ADDED from src\main\AndroidManifest.xml:57:9-66:20
	android:screenOrientation
		ADDED from src\main\AndroidManifest.xml:60:13-49
	android:label
		ADDED from src\main\AndroidManifest.xml:59:13-45
	android:name
		ADDED from src\main\AndroidManifest.xml:58:13-50
intent-filter#android.intent.action.MAIN+android.intent.category.LAUNCHER
ADDED from src\main\AndroidManifest.xml:61:13-65:29
action#android.intent.action.MAIN
ADDED from src\main\AndroidManifest.xml:62:17-69
	android:name
		ADDED from src\main\AndroidManifest.xml:62:25-66
category#android.intent.category.LAUNCHER
ADDED from src\main\AndroidManifest.xml:64:17-77
	android:name
		ADDED from src\main\AndroidManifest.xml:64:27-74
provider#br.com.localize.bancodedados.providers.ConfiguracaoProvider
ADDED from src\main\AndroidManifest.xml:68:9-69:90
	android:authorities
		ADDED from src\main\AndroidManifest.xml:69:17-87
	android:name
		ADDED from src\main\AndroidManifest.xml:68:20-79
service#com.parse.PushService
ADDED from src\main\AndroidManifest.xml:72:9-57
	android:name
		ADDED from src\main\AndroidManifest.xml:72:18-54
receiver#com.parse.ParseBroadcastReceiver
ADDED from src\main\AndroidManifest.xml:74:9-79:20
	android:name
		ADDED from src\main\AndroidManifest.xml:74:19-66
intent-filter#android.intent.action.BOOT_COMPLETED+android.intent.action.USER_PRESENT
ADDED from src\main\AndroidManifest.xml:75:13-78:29
action#android.intent.action.BOOT_COMPLETED
ADDED from src\main\AndroidManifest.xml:76:17-79
	android:name
		ADDED from src\main\AndroidManifest.xml:76:25-76
action#android.intent.action.USER_PRESENT
ADDED from src\main\AndroidManifest.xml:77:17-77
	android:name
		ADDED from src\main\AndroidManifest.xml:77:25-74
receiver#com.parse.ParsePushBroadcastReceiver
ADDED from src\main\AndroidManifest.xml:81:9-89:20
	android:exported
		ADDED from src\main\AndroidManifest.xml:83:13-37
	android:name
		ADDED from src\main\AndroidManifest.xml:82:13-64
intent-filter#com.parse.push.intent.DELETE+com.parse.push.intent.OPEN+com.parse.push.intent.RECEIVE
ADDED from src\main\AndroidManifest.xml:84:13-88:29
action#com.parse.push.intent.RECEIVE
ADDED from src\main\AndroidManifest.xml:85:17-72
	android:name
		ADDED from src\main\AndroidManifest.xml:85:25-69
action#com.parse.push.intent.DELETE
ADDED from src\main\AndroidManifest.xml:86:17-71
	android:name
		ADDED from src\main\AndroidManifest.xml:86:25-68
action#com.parse.push.intent.OPEN
ADDED from src\main\AndroidManifest.xml:87:17-69
	android:name
		ADDED from src\main\AndroidManifest.xml:87:25-66
receiver#com.parse.GcmBroadcastReceiver
ADDED from src\main\AndroidManifest.xml:91:9-100:20
	android:permission
		ADDED from src\main\AndroidManifest.xml:93:13-73
	android:name
		ADDED from src\main\AndroidManifest.xml:92:13-58
intent-filter#br.com.localize+com.google.android.c2dm.intent.RECEIVE+com.google.android.c2dm.intent.REGISTRATION
ADDED from src\main\AndroidManifest.xml:94:13-99:29
action#com.google.android.c2dm.intent.RECEIVE
ADDED from src\main\AndroidManifest.xml:95:17-81
	android:name
		ADDED from src\main\AndroidManifest.xml:95:25-78
action#com.google.android.c2dm.intent.REGISTRATION
ADDED from src\main\AndroidManifest.xml:96:17-86
	android:name
		ADDED from src\main\AndroidManifest.xml:96:25-83
category#br.com.localize
ADDED from src\main\AndroidManifest.xml:98:17-60
	android:name
		ADDED from src\main\AndroidManifest.xml:98:27-57